2025-05-15 07:40:08: INFO: ----------Test case execution started----------
2025-05-15 07:40:08: INFO: ----------test_login_with_valid_credentials----------
2025-05-15 07:40:11: INFO: ----------Passed: The actual title and expected title match----------
2025-05-15 22:11:42: INFO: ----------Test case execution started----------
2025-05-15 22:11:42: INFO: ----------test_login_with_valid_credentials----------
2025-05-15 22:11:48: INFO: ----------Passed: The actual title and expected title match----------
2025-05-16 08:00:39: INFO: ----------Test case execution started----------
2025-05-16 08:00:39: INFO: ----------test_login_with_valid_credentials----------
2025-05-16 08:00:42: INFO: ----------Passed: The actual title and expected title match----------
2025-05-16 08:02:26: INFO: ----------Test case execution started----------
2025-05-16 08:02:26: INFO: ----------test_login_with_valid_credentials----------
2025-05-16 08:02:28: INFO: ----------Passed: The actual title and expected title match----------
2025-05-16 12:06:35: INFO: ----------Test case execution started----------
2025-05-16 12:06:35: INFO: ----------test_login_with_valid_credentials----------
2025-05-16 12:06:38: INFO: ----------Passed: The actual title and expected title match----------
2025-05-16 13:06:26: INFO: ----------Test case execution started----------
2025-05-16 13:06:26: INFO: ----------test_login_with_valid_credentials----------
2025-05-16 13:06:34: INFO: ----------Passed: The actual title and expected title match----------
2025-05-16 13:20:37: INFO: ----------2nd Test case execution started----------
2025-05-16 13:20:37: INFO: ----------test_login_with_invalid_credentials----------
2025-05-16 13:20:37: INFO: ----------1st Test case execution started----------
2025-05-16 13:20:37: INFO: ----------test_login_with_valid_credentials----------
2025-05-16 13:20:41: INFO: ----------Passed: The actual title and expected title match----------
2025-05-16 13:23:32: INFO: ----------2nd Test case execution started----------
2025-05-16 13:23:32: INFO: ----------test_login_with_invalid_credentials----------
2025-05-16 13:23:33: INFO: ----------1st Test case execution started----------
2025-05-16 13:23:33: INFO: ----------test_login_with_valid_credentials----------
2025-05-16 13:23:40: INFO: ----------Passed: The actual title and expected title match----------
2025-05-16 15:17:37: INFO: ----------1st Test case execution started----------
2025-05-16 15:17:38: INFO: ----------test_login_with_valid_credentials----------
2025-05-16 15:17:41: INFO: ----------Passed: The actual title and expected title match----------
2025-05-16 15:20:37: INFO: ----------1st Test case execution started----------
2025-05-16 15:20:37: INFO: ----------test_login_with_valid_credentials----------
2025-05-16 15:20:37: INFO: ----------Passed: The actual title and expected title match----------
2025-05-16 15:26:27: INFO: ----------1st Test case execution started----------
2025-05-16 15:26:27: INFO: ----------test_login_with_valid_credentials----------
2025-05-16 15:26:27: INFO: ----------Passed: The actual title and expected title match----------
2025-05-16 15:29:12: INFO: ----------1st Test case execution started----------
2025-05-16 15:29:12: INFO: ----------test_login_with_valid_credentials----------
2025-05-16 15:32:51: INFO: ----------1st Test case execution started----------
2025-05-16 15:32:51: INFO: ----------test_login_with_valid_credentials----------
2025-05-16 15:32:53: INFO: ----------Failed: The actual title and expected title mismatch----------
2025-05-16 18:38:10: INFO: ----------1st Test case execution started----------
2025-05-16 18:38:10: INFO: ----------test_login_with_valid_credentials----------
2025-05-16 18:38:12: INFO: ----------Passed: The actual title and expected title match----------
2025-05-16 18:40:00: INFO: ----------1st Test case execution started----------
2025-05-16 18:40:00: INFO: ----------test_login_with_valid_credentials----------
2025-05-16 18:42:19: INFO: ----------1st Test case execution started----------
2025-05-16 18:42:19: INFO: ----------test_login_with_valid_credentials----------
2025-05-16 18:42:23: INFO: ----------Passed: The actual title and expected title match----------
2025-05-16 18:43:44: INFO: ----------1st Test case execution started----------
2025-05-16 18:43:44: INFO: ----------test_login_with_valid_credentials----------
2025-05-16 18:43:50: INFO: ----------Passed: The actual title and expected title match----------
2025-05-16 18:46:26: INFO: ----------1st Test case execution started----------
2025-05-16 18:46:26: INFO: ----------test_login_with_valid_credentials----------
2025-05-16 18:46:26: INFO: ----------Passed: The actual title and expected title match----------
2025-05-16 19:02:44: INFO: ----------2nd Test case execution started----------
2025-05-16 19:02:44: INFO: ----------test_login_with_invalid_credentials----------
2025-05-16 19:34:52: INFO: ----------Test case 1 execution started----------
2025-05-16 19:34:52: INFO: ----------test_login_with_valid_credentials----------
2025-05-16 19:34:53: INFO: ----------Passed: The actual title and expected title match----------
2025-05-16 19:39:51: INFO: ----------Test case 3 execution started----------
2025-05-16 19:39:51: INFO: ----------verify_product_name----------
2025-05-16 19:39:52: INFO: ----------Passed: The actual product name and expected product name match----------
2025-05-16 21:33:19: INFO: ----------Test case 3 execution started----------
2025-05-16 21:33:19: INFO: ----------verify_product_name----------
2025-05-16 21:34:33: INFO: ----------Test case 3 execution started----------
2025-05-16 21:34:33: INFO: ----------verify_product_name----------
2025-05-16 21:34:34: INFO: ----------Failed: The actual product name and expected product name mismatch----------
2025-05-19 13:52:21: INFO: ----------Test case 4 execution started----------
2025-05-19 13:52:21: INFO: ----------verify_product_size----------
2025-05-19 13:54:10: INFO: ----------Test case 4 execution started----------
2025-05-19 13:54:10: INFO: ----------verify_product_size----------
2025-05-19 13:54:10: INFO: ----------Passed: The actual size and expected product size match----------
2025-05-19 13:56:23: INFO: ----------Test case 4 execution started----------
2025-05-19 13:56:23: INFO: ----------verify_product_size----------
2025-05-19 13:56:24: INFO: ----------Failed: The actual product size and expected product size mismatch----------
2025-05-19 14:06:40: INFO: ----------Test case 5 execution started----------
2025-05-19 14:06:40: INFO: ----------verify_product_price----------
2025-05-19 14:07:49: INFO: ----------Test case 5 execution started----------
2025-05-19 14:07:49: INFO: ----------verify_product_price----------
2025-05-19 14:09:04: INFO: ----------Test case 5 execution started----------
2025-05-19 14:09:04: INFO: ----------verify_product_price----------
2025-05-19 14:10:59: INFO: ----------Test case 5 execution started----------
2025-05-19 14:10:59: INFO: ----------verify_product_price----------
2025-05-19 14:10:59: INFO: ----------Failed: The actual product price and expected product price mismatch----------
2025-05-19 14:12:37: INFO: ----------Test case 5 execution started----------
2025-05-19 14:12:37: INFO: ----------verify_product_price----------
2025-05-19 14:12:37: INFO: ----------Failed: The actual product price and expected product price mismatch----------
2025-05-19 14:20:03: INFO: ----------Test case 5 execution started----------
2025-05-19 14:20:03: INFO: ----------verify_product_price----------
2025-05-19 14:20:50: INFO: ----------Test case 5 execution started----------
2025-05-19 14:20:50: INFO: ----------verify_product_price----------
2025-05-19 14:23:26: INFO: ----------Test case 5 execution started----------
2025-05-19 14:23:26: INFO: ----------verify_product_price----------
2025-05-19 14:23:51: INFO: ----------Test case 5 execution started----------
2025-05-19 14:23:51: INFO: ----------verify_product_price----------
2025-05-19 14:24:50: INFO: ----------Test case 5 execution started----------
2025-05-19 14:24:50: INFO: ----------verify_product_price----------
2025-05-19 14:24:51: INFO: ----------Passed: The actual price and expected product price match----------
2025-05-19 14:56:23: INFO: ----------Test case 6 execution started----------
2025-05-19 14:56:23: INFO: ----------verify_all_product_price----------
2025-05-19 14:56:23: INFO: ----------Passed: The actual total price and expected total product price match----------
2025-05-19 15:53:25: INFO: ----------Test case 1 execution started----------
2025-05-19 15:53:25: INFO: ----------test_login_with_valid_credentials----------
2025-05-19 15:53:26: INFO: ----------Passed: The actual title and expected title match----------
